<?xml version="1.0" encoding="UTF-8"?>
<!-- Generated by org.testng.reporters.JUnitXMLReporter -->
<testsuite hostname="Ayleens-Air.fios-router.home" ignored="1" name="Test" tests="6" failures="1" timestamp="2020-01-13T22:41:29 EST" time="37.223" errors="0">
  <testcase name="validationOfMessage" time="0.535" classname="com.class02.HW"/>
  <testcase name="titleValidation" time="0.061" classname="com.class02.AssertionsDemo">
    <failure type="java.lang.AssertionError" message="Titles are NOT matched expected [Human Management Systems] but found [Human Management System]">
      <![CDATA[java.lang.AssertionError: Titles are NOT matched expected [Human Management Systems] but found [Human Management System]
at com.class02.AssertionsDemo.titleValidation(AssertionsDemo.java:24)
at java.util.ArrayList.forEach(ArrayList.java:1257)
... Removed 31 stack frames]]>
    </failure>
  </testcase> <!-- titleValidation -->
  <testcase name="logoValidation" time="0.121" classname="com.class02.AssertionsDemo"/>
  <testcase name="logoValidation" time="0.109" classname="com.class01.TitleLogoAndLoginVerification"/>
  <testcase name="titleValidation" time="0.014" classname="com.class01.TitleLogoAndLoginVerification"/>
  <testcase name="validLogin" time="2.449" classname="com.class01.TitleLogoAndLoginVerification"/>
  <testcase name="validationOfLogo" time="0.0" classname="com.class02.HW">
    <ignored/>
  </testcase> <!-- validationOfLogo -->
</testsuite> <!-- Test -->
